<?xml version="1.0" encoding="UTF-8"?>
<!-- Generated by org.testng.reporters.JUnitReportReporter -->
<testsuite hostname="HarshT" failures="0" tests="2" name="Testing.LoginTest" time="0.006" errors="0" timestamp="2022-05-11T13:05:13 CDT" skipped="0">
  <testcase classname="Testing.LoginTest" name="LoginTest" time="0.004"/>
  <system-out/>
  <testcase classname="Testing.LoginTest" name="LogoutTest" time="0.002"/>
  <system-out/>
</testsuite> <!-- Testing.LoginTest -->
