<?xml version="1.0" encoding="UTF-8"?>
<!-- Generated by org.testng.reporters.JUnitReportReporter -->
<testsuite hostname="HarshT" failures="0" tests="2" name="Testing.LoginTest" time="0.008" errors="0" timestamp="2022-05-08T21:18:09 CDT" skipped="0">
  <testcase classname="Testing.LoginTest" name="LoginTest" time="0.007"/>
  <system-out/>
  <testcase classname="Testing.LoginTest" name="LogoutTest" time="0.001"/>
  <system-out/>
</testsuite> <!-- Testing.LoginTest -->
