<?xml version="1.0" encoding="UTF-8"?>
<!-- Generated by org.testng.reporters.JUnitReportReporter -->
<testsuite hostname="HarshT" failures="0" tests="2" name="Testing.parallalTestng" time="14.693" errors="0" timestamp="2022-05-11T21:20:00 CDT" skipped="0">
  <testcase classname="Testing.parallalTestng" name="Test2" time="4.714"/>
  <system-out/>
  <testcase classname="Testing.parallalTestng" name="Test1" time="9.979"/>
  <system-out/>
</testsuite> <!-- Testing.parallalTestng -->
