<?xml version="1.0" encoding="UTF-8"?>
<!-- Generated by org.testng.reporters.JUnitReportReporter -->
<testsuite hostname="HarshT" failures="0" tests="3" name="Testing.skipDemoTest" time="0.008" errors="0" timestamp="2022-05-08T15:42:59 CDT" skipped="2">
  <testcase classname="Testing.skipDemoTest" name="skipTest3" time="0.001"/>
  <system-out/>
  <testcase classname="Testing.skipDemoTest" name="skipTest2" time="0.007">
    <skipped/>
  </testcase> <!-- skipTest2 -->
  <system-out/>
  <testcase classname="Testing.skipDemoTest" name="skipTest1">
    <skipped/>
  </testcase> <!-- skipTest1 -->
  <system-out/>
</testsuite> <!-- Testing.skipDemoTest -->
