<?xml version="1.0" encoding="UTF-8"?>
<!-- Generated by org.testng.reporters.JUnitReportReporter -->
<testsuite hostname="HarshT" failures="0" tests="8" name="Testing.DataProviderDemoTest" time="0.008" errors="0" timestamp="2022-05-11T13:05:13 CDT" skipped="0">
  <testcase classname="Testing.DataProviderDemoTest" name="test" time="0.001"/>
  <system-out/>
  <testcase classname="Testing.DataProviderDemoTest" name="test1" time="0.001"/>
  <system-out/>
  <testcase classname="Testing.DataProviderDemoTest" name="test1" time="0.001"/>
  <system-out/>
  <testcase classname="Testing.DataProviderDemoTest" name="test" time="0.001"/>
  <system-out/>
  <testcase classname="Testing.DataProviderDemoTest" name="test1" time="0.001"/>
  <system-out/>
  <testcase classname="Testing.DataProviderDemoTest" name="test" time="0.001"/>
  <system-out/>
  <testcase classname="Testing.DataProviderDemoTest" name="test" time="0.001"/>
  <system-out/>
  <testcase classname="Testing.DataProviderDemoTest" name="test1" time="0.001"/>
  <system-out/>
</testsuite> <!-- Testing.DataProviderDemoTest -->
