<?xml version="1.0" encoding="UTF-8"?>
<!-- Generated by org.testng.reporters.JUnitReportReporter -->
<testsuite hostname="HarshT" failures="0" tests="8" name="Testing.DataProviderDemoTest" time="0.014" errors="0" timestamp="2022-05-08T21:17:46 CDT" skipped="0">
  <testcase classname="Testing.DataProviderDemoTest" name="test1" time="0.001"/>
  <system-out/>
  <testcase classname="Testing.DataProviderDemoTest" name="test" time="0.001"/>
  <system-out/>
  <testcase classname="Testing.DataProviderDemoTest" name="test1" time="0.000"/>
  <system-out/>
  <testcase classname="Testing.DataProviderDemoTest" name="test1" time="0.001"/>
  <system-out/>
  <testcase classname="Testing.DataProviderDemoTest" name="test" time="0.007"/>
  <system-out/>
  <testcase classname="Testing.DataProviderDemoTest" name="test" time="0.002"/>
  <system-out/>
  <testcase classname="Testing.DataProviderDemoTest" name="test1" time="0.001"/>
  <system-out/>
  <testcase classname="Testing.DataProviderDemoTest" name="test" time="0.001"/>
  <system-out/>
</testsuite> <!-- Testing.DataProviderDemoTest -->
