<?xml version="1.0" encoding="UTF-8"?>
<!-- Generated by org.testng.reporters.JUnitReportReporter -->
<testsuite hostname="HarshT" failures="0" tests="1" name="Testing.VerifyTitleTest" time="3.468" errors="0" timestamp="2022-05-08T18:33:07 CDT" skipped="0">
  <testcase classname="Testing.VerifyTitleTest" name="titleTest" time="3.468"/>
  <system-out/>
</testsuite> <!-- Testing.VerifyTitleTest -->
