<?xml version="1.0" encoding="UTF-8"?>
<!-- Generated by org.testng.reporters.JUnitReportReporter -->
<testsuite hostname="HarshT" failures="0" tests="4" name="Testing.GroupDemoTest" time="0.014" errors="0" timestamp="2022-05-08T00:00:41 CDT" skipped="0">
  <testcase classname="Testing.GroupDemoTest" name="bTest3" time="0.006"/>
  <system-out/>
  <testcase classname="Testing.GroupDemoTest" name="bTest4" time="0.007"/>
  <system-out/>
  <testcase classname="Testing.GroupDemoTest" name="aTest1" time="0.001"/>
  <system-out/>
  <testcase classname="Testing.GroupDemoTest" name="bTest2" time="0.000"/>
  <system-out/>
</testsuite> <!-- Testing.GroupDemoTest -->
